android/app/build/intermediates/manifest_merge_blame_file/release/processReleaseMainManifest/manifest-merger-blame-release-report.txt
1<?xml version="1.0" encoding="utf-8"?>
2<manifest xmlns:android="http://schemas.android.com/apk/res/android"
3    package="com.storytrim.app"
4    android:versionCode="1"
5    android:versionName="1.0" >
6
7    <uses-sdk
8        android:minSdkVersion="24"
9        android:targetSdkVersion="34" />
10
11    <uses-permission android:name="android.permission.INTERNET" />
11-->src/main/AndroidManifest.xml:5:5-67
11-->src/main/AndroidManifest.xml:5:22-64
12    <uses-permission android:name="android.permission.ACCESS_NETWORK_STATE" />
12-->src/main/AndroidManifest.xml:6:5-79
12-->src/main/AndroidManifest.xml:6:22-76
13    <uses-permission android:name="android.permission.FOREGROUND_SERVICE" />
13-->src/main/AndroidManifest.xml:7:5-77
13-->src/main/AndroidManifest.xml:7:22-74
14    <uses-permission android:name="android.permission.FOREGROUND_SERVICE_MEDIA_PLAYBACK" />
14-->src/main/AndroidManifest.xml:8:5-92
14-->src/main/AndroidManifest.xml:8:22-89
15    <uses-permission android:name="android.permission.POST_NOTIFICATIONS" />
15-->src/main/AndroidManifest.xml:9:5-77
15-->src/main/AndroidManifest.xml:9:22-74
16    <uses-permission android:name="android.permission.SYSTEM_ALERT_WINDOW" />
16-->src/main/AndroidManifest.xml:10:5-78
16-->src/main/AndroidManifest.xml:10:22-75
17    <uses-permission android:name="android.permission.WAKE_LOCK" />
17-->src/main/AndroidManifest.xml:11:5-68
17-->src/main/AndroidManifest.xml:11:22-65
18
19    <queries>
19-->src/main/AndroidManifest.xml:80:5-84:15
20        <intent>
20-->src/main/AndroidManifest.xml:81:9-83:18
21            <action android:name="android.intent.action.TTS_SERVICE" />
21-->src/main/AndroidManifest.xml:82:13-72
21-->src/main/AndroidManifest.xml:82:21-69
22        </intent>
23    </queries>
24
25    <permission
25-->[androidx.core:core:1.12.0] AndroidManifest.xml:22:5-24:47
26        android:name="com.storytrim.app.DYNAMIC_RECEIVER_NOT_EXPORTED_PERMISSION"
26-->[androidx.core:core:1.12.0] AndroidManifest.xml:23:9-81
27        android:protectionLevel="signature" />
27-->[androidx.core:core:1.12.0] AndroidManifest.xml:24:9-44
28
29    <uses-permission android:name="com.storytrim.app.DYNAMIC_RECEIVER_NOT_EXPORTED_PERMISSION" />
29-->[androidx.core:core:1.12.0] AndroidManifest.xml:26:5-97
29-->[androidx.core:core:1.12.0] AndroidManifest.xml:26:22-94
30
31    <application
31-->src/main/AndroidManifest.xml:13:5-78:19
32        android:name="com.storytrim.app.StoryTrimApplication"
32-->src/main/AndroidManifest.xml:14:9-45
33        android:allowBackup="true"
33-->src/main/AndroidManifest.xml:15:9-35
34        android:appComponentFactory="androidx.core.app.CoreComponentFactory"
34-->[androidx.core:core:1.12.0] AndroidManifest.xml:28:18-86
35        android:dataExtractionRules="@xml/data_extraction_rules"
35-->src/main/AndroidManifest.xml:16:9-65
36        android:extractNativeLibs="false"
37        android:fullBackupContent="@xml/backup_rules"
37-->src/main/AndroidManifest.xml:17:9-54
38        android:icon="@android:drawable/ic_dialog_info"
38-->src/main/AndroidManifest.xml:18:9-56
39        android:label="@string/app_name"
39-->src/main/AndroidManifest.xml:19:9-41
40        android:roundIcon="@android:drawable/ic_dialog_info"
40-->src/main/AndroidManifest.xml:20:9-61
41        android:supportsRtl="true"
41-->src/main/AndroidManifest.xml:21:9-35
42        android:theme="@style/Theme.StoryTrim.NoActionBar"
42-->src/main/AndroidManifest.xml:22:9-59
43        android:usesCleartextTraffic="true" >
43-->src/main/AndroidManifest.xml:23:9-44
44        <activity
44-->src/main/AndroidManifest.xml:26:9-33:20
45            android:name="com.storytrim.app.MainActivity"
45-->src/main/AndroidManifest.xml:27:13-41
46            android:exported="true" >
46-->src/main/AndroidManifest.xml:28:13-36
47            <intent-filter>
47-->src/main/AndroidManifest.xml:29:13-32:29
48                <action android:name="android.intent.action.MAIN" />
48-->src/main/AndroidManifest.xml:30:17-69
48-->src/main/AndroidManifest.xml:30:25-66
49
50                <category android:name="android.intent.category.LAUNCHER" />
50-->src/main/AndroidManifest.xml:31:17-77
50-->src/main/AndroidManifest.xml:31:27-74
51            </intent-filter>
52        </activity>
53        <activity
53-->src/main/AndroidManifest.xml:35:9-38:34
54            android:name="com.storytrim.app.ui.login.LoginActivity"
54-->src/main/AndroidManifest.xml:36:13-51
55            android:exported="false"
55-->src/main/AndroidManifest.xml:37:13-37
56            android:label="登录" />
56-->src/main/AndroidManifest.xml:38:13-31
57        <activity
57-->src/main/AndroidManifest.xml:40:9-43:34
58            android:name="com.storytrim.app.ui.login.RegisterActivity"
58-->src/main/AndroidManifest.xml:41:13-54
59            android:exported="false"
59-->src/main/AndroidManifest.xml:42:13-37
60            android:label="注册" />
60-->src/main/AndroidManifest.xml:43:13-31
61        <activity
61-->src/main/AndroidManifest.xml:45:9-48:34
62            android:name="com.storytrim.app.ui.shelf.ShelfActivity"
62-->src/main/AndroidManifest.xml:46:13-51
63            android:exported="false"
63-->src/main/AndroidManifest.xml:47:13-37
64            android:label="书架" />
64-->src/main/AndroidManifest.xml:48:13-31
65        <activity
65-->src/main/AndroidManifest.xml:50:9-53:34
66            android:name="com.storytrim.app.ui.reader.ReaderActivity"
66-->src/main/AndroidManifest.xml:51:13-53
67            android:exported="false"
67-->src/main/AndroidManifest.xml:52:13-37
68            android:label="阅读" />
68-->src/main/AndroidManifest.xml:53:13-31
69        <activity
69-->src/main/AndroidManifest.xml:55:9-58:38
70            android:name="com.storytrim.app.ui.debug.DebugSqlActivity"
70-->src/main/AndroidManifest.xml:56:13-54
71            android:exported="false"
71-->src/main/AndroidManifest.xml:57:13-37
72            android:label="SQL 调试" />
72-->src/main/AndroidManifest.xml:58:13-35
73
74        <service
74-->src/main/AndroidManifest.xml:60:9-63:61
75            android:name="com.storytrim.app.ui.reader.tts.TtsForegroundService"
75-->src/main/AndroidManifest.xml:61:13-63
76            android:exported="false"
76-->src/main/AndroidManifest.xml:62:13-37
77            android:foregroundServiceType="mediaPlayback" />
77-->src/main/AndroidManifest.xml:63:13-58
78        <service
78-->src/main/AndroidManifest.xml:65:9-68:61
79            android:name="com.storytrim.app.ui.reader.tts.FloatingLyricsService"
79-->src/main/AndroidManifest.xml:66:13-64
80            android:exported="false"
80-->src/main/AndroidManifest.xml:67:13-37
81            android:foregroundServiceType="mediaPlayback" />
81-->src/main/AndroidManifest.xml:68:13-58
82
83        <receiver
83-->src/main/AndroidManifest.xml:70:9-76:20
84            android:name="androidx.media.session.MediaButtonReceiver"
84-->src/main/AndroidManifest.xml:71:13-70
85            android:exported="true" >
85-->src/main/AndroidManifest.xml:72:13-36
86            <intent-filter>
86-->src/main/AndroidManifest.xml:73:13-75:29
87                <action android:name="android.intent.action.MEDIA_BUTTON" />
87-->src/main/AndroidManifest.xml:74:17-77
87-->src/main/AndroidManifest.xml:74:25-74
88            </intent-filter>
89        </receiver>
90
91        <provider
91-->[androidx.emoji2:emoji2:1.2.0] AndroidManifest.xml:24:9-32:20
92            android:name="androidx.startup.InitializationProvider"
92-->[androidx.emoji2:emoji2:1.2.0] AndroidManifest.xml:25:13-67
93            android:authorities="com.storytrim.app.androidx-startup"
93-->[androidx.emoji2:emoji2:1.2.0] AndroidManifest.xml:26:13-68
94            android:exported="false" >
94-->[androidx.emoji2:emoji2:1.2.0] AndroidManifest.xml:27:13-37
95            <meta-data
95-->[androidx.emoji2:emoji2:1.2.0] AndroidManifest.xml:29:13-31:52
96                android:name="androidx.emoji2.text.EmojiCompatInitializer"
96-->[androidx.emoji2:emoji2:1.2.0] AndroidManifest.xml:30:17-75
97                android:value="androidx.startup" />
97-->[androidx.emoji2:emoji2:1.2.0] AndroidManifest.xml:31:17-49
98            <meta-data
98-->[androidx.lifecycle:lifecycle-process:2.7.0] AndroidManifest.xml:29:13-31:52
99                android:name="androidx.lifecycle.ProcessLifecycleInitializer"
99-->[androidx.lifecycle:lifecycle-process:2.7.0] AndroidManifest.xml:30:17-78
100                android:value="androidx.startup" />
100-->[androidx.lifecycle:lifecycle-process:2.7.0] AndroidManifest.xml:31:17-49
101            <meta-data
101-->[androidx.profileinstaller:profileinstaller:1.3.0] AndroidManifest.xml:29:13-31:52
102                android:name="androidx.profileinstaller.ProfileInstallerInitializer"
102-->[androidx.profileinstaller:profileinstaller:1.3.0] AndroidManifest.xml:30:17-85
103                android:value="androidx.startup" />
103-->[androidx.profileinstaller:profileinstaller:1.3.0] AndroidManifest.xml:31:17-49
104        </provider>
105
106        <uses-library
106-->[androidx.window:window:1.0.0] AndroidManifest.xml:25:9-27:40
107            android:name="androidx.window.extensions"
107-->[androidx.window:window:1.0.0] AndroidManifest.xml:26:13-54
108            android:required="false" />
108-->[androidx.window:window:1.0.0] AndroidManifest.xml:27:13-37
109        <uses-library
109-->[androidx.window:window:1.0.0] AndroidManifest.xml:28:9-30:40
110            android:name="androidx.window.sidecar"
110-->[androidx.window:window:1.0.0] AndroidManifest.xml:29:13-51
111            android:required="false" />
111-->[androidx.window:window:1.0.0] AndroidManifest.xml:30:13-37
112
113        <service
113-->[androidx.room:room-runtime:2.6.1] AndroidManifest.xml:24:9-28:63
114            android:name="androidx.room.MultiInstanceInvalidationService"
114-->[androidx.room:room-runtime:2.6.1] AndroidManifest.xml:25:13-74
115            android:directBootAware="true"
115-->[androidx.room:room-runtime:2.6.1] AndroidManifest.xml:26:13-43
116            android:exported="false" />
116-->[androidx.room:room-runtime:2.6.1] AndroidManifest.xml:27:13-37
117
118        <receiver
118-->[androidx.profileinstaller:profileinstaller:1.3.0] AndroidManifest.xml:34:9-52:20
119            android:name="androidx.profileinstaller.ProfileInstallReceiver"
119-->[androidx.profileinstaller:profileinstaller:1.3.0] AndroidManifest.xml:35:13-76
120            android:directBootAware="false"
120-->[androidx.profileinstaller:profileinstaller:1.3.0] AndroidManifest.xml:36:13-44
121            android:enabled="true"
121-->[androidx.profileinstaller:profileinstaller:1.3.0] AndroidManifest.xml:37:13-35
122            android:exported="true"
122-->[androidx.profileinstaller:profileinstaller:1.3.0] AndroidManifest.xml:38:13-36
123            android:permission="android.permission.DUMP" >
123-->[androidx.profileinstaller:profileinstaller:1.3.0] AndroidManifest.xml:39:13-57
124            <intent-filter>
124-->[androidx.profileinstaller:profileinstaller:1.3.0] AndroidManifest.xml:40:13-42:29
125                <action android:name="androidx.profileinstaller.action.INSTALL_PROFILE" />
125-->[androidx.profileinstaller:profileinstaller:1.3.0] AndroidManifest.xml:41:17-91
125-->[androidx.profileinstaller:profileinstaller:1.3.0] AndroidManifest.xml:41:25-88
126            </intent-filter>
127            <intent-filter>
127-->[androidx.profileinstaller:profileinstaller:1.3.0] AndroidManifest.xml:43:13-45:29
128                <action android:name="androidx.profileinstaller.action.SKIP_FILE" />
128-->[androidx.profileinstaller:profileinstaller:1.3.0] AndroidManifest.xml:44:17-85
128-->[androidx.profileinstaller:profileinstaller:1.3.0] AndroidManifest.xml:44:25-82
129            </intent-filter>
130            <intent-filter>
130-->[androidx.profileinstaller:profileinstaller:1.3.0] AndroidManifest.xml:46:13-48:29
131                <action android:name="androidx.profileinstaller.action.SAVE_PROFILE" />
131-->[androidx.profileinstaller:profileinstaller:1.3.0] AndroidManifest.xml:47:17-88
131-->[androidx.profileinstaller:profileinstaller:1.3.0] AndroidManifest.xml:47:25-85
132            </intent-filter>
133            <intent-filter>
133-->[androidx.profileinstaller:profileinstaller:1.3.0] AndroidManifest.xml:49:13-51:29
134                <action android:name="androidx.profileinstaller.action.BENCHMARK_OPERATION" />
134-->[androidx.profileinstaller:profileinstaller:1.3.0] AndroidManifest.xml:50:17-95
134-->[androidx.profileinstaller:profileinstaller:1.3.0] AndroidManifest.xml:50:25-92
135            </intent-filter>
136        </receiver>
137    </application>
138
139</manifest>